<?xml version="1.0" encoding="UTF-8"?>
<!-- Generated by org.testng.reporters.JUnitXMLReporter -->
<testsuite ignored="2" hostname="ABHIJITH" failures="0" tests="4" name="Test" time="34.657" errors="0" timestamp="2025-07-29T19:35:07 IST">
  <testcase classname="Campaign.CamapaignTest" name="toCreateCampaignWithMandatoryFieldsTest" time="3.779"/>
  <testcase classname="Campaign.CamapaignTest" name="tocreateCampaignWithExpectedDateTest" time="2.556"/>
  <testcase classname="Campaign.CamapaignTest" name="tocreateCampaignWithStatusTest" time="2.761"/>
  <testcase classname="Product.ProductTest" name="tocreateProductTest" time="3.599"/>
  <testcase classname="BaseTest.BaseClass" name="@BeforeSuite beforeSuite" time="0.0">
    <ignored/>
  </testcase> <!-- @BeforeSuite beforeSuite -->
  <testcase classname="BaseTest.BaseClass" name="@AfterSuite afterSuite" time="0.0">
    <ignored/>
  </testcase> <!-- @AfterSuite afterSuite -->
</testsuite> <!-- Test -->
