<?xml version="1.0" encoding="UTF-8"?>
<testng-results ignored="0" total="1" passed="1" failed="0" skipped="0">
  <reporter-output>
  </reporter-output>
  <suite started-at="2025-08-04T20:43:08 IST" name="Default suite" finished-at="2025-08-04T20:43:11 IST" duration-ms="3069">
    <groups>
    </groups>
    <test started-at="2025-08-04T20:43:08 IST" name="Default test" finished-at="2025-08-04T20:43:11 IST" duration-ms="3069">
      <class name="Practice.ParametersFromCmd">
        <test-method signature="CmdParameters()[pri:0, instance:Practice.ParametersFromCmd@40a4337a]" started-at="2025-08-04T20:43:08 IST" name="CmdParameters" finished-at="2025-08-04T20:43:11 IST" duration-ms="3006" status="PASS">
          <reporter-output>
          </reporter-output>
        </test-method> <!-- CmdParameters -->
      </class> <!-- Practice.ParametersFromCmd -->
    </test> <!-- Default test -->
  </suite> <!-- Default suite -->
</testng-results>
